mode: count
services/DatabaseService/database/databaseDeploymentOptions.go:12.95,13.26 1 2
services/DatabaseService/database/databaseDeploymentOptions.go:14.16,15.21 1 1
services/DatabaseService/database/databaseDeploymentOptions.go:17.10,18.37 1 1
services/DatabaseService/database/service.go:27.93,28.26 1 2
services/DatabaseService/database/service.go:29.14,30.43 1 1
services/DatabaseService/database/service.go:31.10,32.36 1 1
services/lib/types/utils.go:7.69,9.16 2 3
services/lib/types/utils.go:9.16,11.3 1 1
services/lib/types/utils.go:13.2,13.12 1 2
services/lib/respones.go:19.89,24.16 2 2
services/lib/respones.go:24.16,27.3 2 1
services/lib/respones.go:29.2,32.3 1 2
services/UserManagementService/cmd/main.go:15.99,18.16 2 0
services/UserManagementService/cmd/main.go:18.16,20.3 1 0
services/UserManagementService/cmd/main.go:23.2,24.16 2 0
services/UserManagementService/cmd/main.go:24.16,26.3 1 0
services/UserManagementService/cmd/main.go:28.2,28.28 1 0
services/UserManagementService/cmd/main.go:29.13,30.52 1 0
services/UserManagementService/cmd/main.go:32.14,33.53 1 0
services/UserManagementService/cmd/main.go:35.10,39.9 1 0
services/UserManagementService/cmd/main.go:43.13,45.2 1 0
services/UserManagementService/cmd/methods.go:14.144,16.2 1 0
services/UserManagementService/cmd/methods.go:18.145,94.2 1 0
services/UserManagementService/cmd/utils.go:12.127,20.16 2 3
services/UserManagementService/cmd/utils.go:20.16,22.3 1 1
services/UserManagementService/cmd/utils.go:24.2,24.34 1 2
services/UserManagementService/cmd/utils.go:28.158,42.16 5 2
services/UserManagementService/cmd/utils.go:42.16,44.3 1 1
services/UserManagementService/cmd/utils.go:47.2,54.16 3 1
services/UserManagementService/cmd/utils.go:54.16,56.3 1 0
services/UserManagementService/cmd/utils.go:60.2,60.12 1 1
